11:25:00.248 [main] WARN  GasProduct - You have not enough stock to sell this gas product, your stock is: 10 units the minimum amount allowed is 10 units

11:25:00.262 [main] WARN  GasProduct - You have not enough stock to sell this gas product, your stock is: 10 units the minimum amount allowed is 10 units

11:25:00.263 [main] WARN  GasProduct - You can't sell that amount of this gas product, you need to have at least: 
10 units in your stock.

12:26:19.401 [main] WARN  GasProduct - You have not enough stock to sell this gas product, your stock is: 10 units the minimum amount allowed is 10 units

12:26:19.411 [main] WARN  GasProduct - You have not enough stock to sell this gas product, your stock is: 10 units the minimum amount allowed is 10 units

12:26:19.412 [main] WARN  GasProduct - You can't sell that amount of this gas product, you need to have at least: 
10 units in your stock.

12:26:19.440 [main] ERROR Employee - exceptions.EmployeeSpecialityException: The specialityDeposit doesn't exist, please enter a valid one: seller or deposit.
12:28:57.489 [main] WARN  GasProduct - You have not enough stock to sell this gas product, your stock is: 10 units the minimum amount allowed is 10 units

12:28:57.501 [main] WARN  GasProduct - You have not enough stock to sell this gas product, your stock is: 10 units the minimum amount allowed is 10 units

12:28:57.501 [main] WARN  GasProduct - You can't sell that amount of this gas product, you need to have at least: 
10 units in your stock.

12:28:57.538 [main] ERROR Employee - exceptions.LongEmployeeNameException: The name is too long, pleas make it less than 20 characters.
12:30:44.872 [main] WARN  GasProduct - You have not enough stock to sell this gas product, your stock is: 10 units the minimum amount allowed is 10 units

12:30:44.882 [main] WARN  GasProduct - You have not enough stock to sell this gas product, your stock is: 10 units the minimum amount allowed is 10 units

12:30:44.882 [main] WARN  GasProduct - You can't sell that amount of this gas product, you need to have at least: 
10 units in your stock.

12:30:44.910 [main] ERROR Employee - exceptions.EmployeeSpecialityException: The specialityDeposit doesn't exist, please enter a valid one: seller or deposit.
12:32:27.774 [main] WARN  GasProduct - You have not enough stock to sell this gas product, your stock is: 10 units the minimum amount allowed is 10 units

12:32:27.784 [main] WARN  GasProduct - You have not enough stock to sell this gas product, your stock is: 10 units the minimum amount allowed is 10 units

12:32:27.784 [main] WARN  GasProduct - You can't sell that amount of this gas product, you need to have at least: 
10 units in your stock.

12:32:27.812 [main] ERROR Employee - exceptions.LongEmployeeNameException: The name is too long, pleas make it less than 20 characters.
12:32:55.731 [main] WARN  GasProduct - You have not enough stock to sell this gas product, your stock is: 10 units the minimum amount allowed is 10 units

12:32:55.742 [main] WARN  GasProduct - You have not enough stock to sell this gas product, your stock is: 10 units the minimum amount allowed is 10 units

12:32:55.742 [main] WARN  GasProduct - You can't sell that amount of this gas product, you need to have at least: 
10 units in your stock.

12:32:55.769 [main] ERROR Employee - exceptions.LongEmployeeNameException: The name is too long, pleas make it less than 20 characters.
12:33:09.101 [main] WARN  GasProduct - You have not enough stock to sell this gas product, your stock is: 10 units the minimum amount allowed is 10 units

12:33:09.111 [main] WARN  GasProduct - You have not enough stock to sell this gas product, your stock is: 10 units the minimum amount allowed is 10 units

12:33:09.111 [main] WARN  GasProduct - You can't sell that amount of this gas product, you need to have at least: 
10 units in your stock.

12:33:09.145 [main] ERROR Employee - exceptions.LongEmployeeNameException: The name is too long, pleas make it less than 20 characters.
12:33:09.145 [main] ERROR Employee - exceptions.NumberInNamesException: The employee name has a number, please correct it.
12:33:55.232 [main] WARN  GasProduct - You have not enough stock to sell this gas product, your stock is: 10 units the minimum amount allowed is 10 units

12:33:55.242 [main] WARN  GasProduct - You have not enough stock to sell this gas product, your stock is: 10 units the minimum amount allowed is 10 units

12:33:55.243 [main] WARN  GasProduct - You can't sell that amount of this gas product, you need to have at least: 
10 units in your stock.

12:33:55.298 [main] ERROR Employee - exceptions.LongEmployeeNameException: The name is too long, pleas make it less than 20 characters.
12:33:55.298 [main] ERROR Employee - exceptions.NumberInNamesException: The employee name has a number, please correct it.
12:34:27.396 [main] WARN  GasProduct - You have not enough stock to sell this gas product, your stock is: 10 units the minimum amount allowed is 10 units

12:34:27.408 [main] WARN  GasProduct - You have not enough stock to sell this gas product, your stock is: 10 units the minimum amount allowed is 10 units

12:34:27.408 [main] WARN  GasProduct - You can't sell that amount of this gas product, you need to have at least: 
10 units in your stock.

12:34:27.443 [main] ERROR Employee - exceptions.LongEmployeeNameException: The name is too long, pleas make it less than 20 characters.
12:34:27.443 [main] ERROR Employee - exceptions.NumberInNamesException: The employee name has a number, please correct it.
12:34:27.443 [main] ERROR Employee - exceptions.EmailException: Please only use a @gmail.com email.
12:35:03.863 [main] WARN  GasProduct - You have not enough stock to sell this gas product, your stock is: 10 units the minimum amount allowed is 10 units

12:35:03.873 [main] WARN  GasProduct - You have not enough stock to sell this gas product, your stock is: 10 units the minimum amount allowed is 10 units

12:35:03.873 [main] WARN  GasProduct - You can't sell that amount of this gas product, you need to have at least: 
10 units in your stock.

12:35:03.901 [main] ERROR Employee - exceptions.LongEmployeeNameException: The name is too long, pleas make it less than 20 characters.
12:35:03.901 [main] ERROR Employee - exceptions.NumberInNamesException: The employee name has a number, please correct it.
12:35:03.902 [main] ERROR Employee - exceptions.EmailException: Please only use a @gmail.com email.
12:35:03.903 [main] ERROR Employee - exceptions.PhoneNumberException: The phone number has 9 digits and should be 8 digits
12:37:04.262 [main] WARN  GasProduct - You have not enough stock to sell this gas product, your stock is: 10 units the minimum amount allowed is 10 units

12:37:04.273 [main] WARN  GasProduct - You have not enough stock to sell this gas product, your stock is: 10 units the minimum amount allowed is 10 units

12:37:04.273 [main] WARN  GasProduct - You can't sell that amount of this gas product, you need to have at least: 
10 units in your stock.

12:37:04.298 [main] ERROR Employee - exceptions.LongEmployeeNameException: The name is too long, pleas make it less than 20 characters.
12:37:04.299 [main] ERROR Employee - exceptions.NumberInNamesException: The employee name has a number, please correct it.
12:37:04.299 [main] ERROR Employee - exceptions.EmailException: Please only use a @gmail.com email.
12:37:04.300 [main] ERROR Employee - exceptions.PhoneNumberException: The phone number has 9 digits and should be 8 digits
12:37:04.300 [main] ERROR Employee - exceptions.EmployeeSpecialityException: The specialitycleaner doesn't exist, please enter a valid one: seller or deposit.
12:37:22.350 [main] WARN  GasProduct - You have not enough stock to sell this gas product, your stock is: 10 units the minimum amount allowed is 10 units

12:37:22.360 [main] WARN  GasProduct - You have not enough stock to sell this gas product, your stock is: 10 units the minimum amount allowed is 10 units

12:37:22.360 [main] WARN  GasProduct - You can't sell that amount of this gas product, you need to have at least: 
10 units in your stock.

12:37:22.403 [main] ERROR Employee - exceptions.LongEmployeeNameException: The name is too long, pleas make it less than 20 characters.
12:37:22.403 [main] ERROR Employee - exceptions.NumberInNamesException: The employee name has a number, please correct it.
12:37:22.404 [main] ERROR Employee - exceptions.EmailException: Please only use a @gmail.com email.
12:37:22.405 [main] ERROR Employee - exceptions.PhoneNumberException: The phone number has 9 digits and should be 8 digits
12:37:22.406 [main] ERROR Employee - exceptions.EmployeeSpecialityException: The specialitycleaner doesn't exist, please enter a valid one: seller or deposit.
12:37:57.797 [main] WARN  GasProduct - You have not enough stock to sell this gas product, your stock is: 10 units the minimum amount allowed is 10 units

12:37:57.806 [main] WARN  GasProduct - You have not enough stock to sell this gas product, your stock is: 10 units the minimum amount allowed is 10 units

12:37:57.806 [main] WARN  GasProduct - You can't sell that amount of this gas product, you need to have at least: 
10 units in your stock.

12:37:57.837 [main] ERROR Employee - exceptions.LongEmployeeNameException: The name is too long, pleas make it less than 20 characters.
12:37:57.838 [main] ERROR Employee - exceptions.NumberInNamesException: The employee name has a number, please correct it.
12:37:57.838 [main] ERROR Employee - exceptions.EmailException: Please only use a @gmail.com email.
12:37:57.839 [main] ERROR Employee - exceptions.PhoneNumberException: The phone number has 9 digits and should be 8 digits
12:37:57.840 [main] ERROR Employee - exceptions.EmployeeSpecialityException: The specialitycleaner doesn't exist, please enter a valid one: seller or deposit.
12:45:20.237 [main] WARN  GasProduct - You have not enough stock to sell this gas product, your stock is: 10 units the minimum amount allowed is 10 units

12:45:20.249 [main] WARN  GasProduct - You have not enough stock to sell this gas product, your stock is: 10 units the minimum amount allowed is 10 units

12:45:20.249 [main] WARN  GasProduct - You can't sell that amount of this gas product, you need to have at least: 
10 units in your stock.

12:45:20.283 [main] ERROR Employee - exceptions.LongEmployeeNameException: The name is too long, pleas make it less than 20 characters.
12:45:20.283 [main] ERROR Employee - exceptions.NumberInNamesException: The employee name has a number, please correct it.
12:45:20.284 [main] ERROR Employee - exceptions.EmailException: Please only use a @gmail.com email.
12:45:20.285 [main] ERROR Employee - exceptions.PhoneNumberException: The phone number has 9 digits and should be 8 digits
12:45:20.286 [main] ERROR Employee - exceptions.EmployeeSpecialityException: The specialitycleaner doesn't exist, please enter a valid one: seller or deposit.
12:46:08.837 [main] WARN  GasProduct - You have not enough stock to sell this gas product, your stock is: 10 units the minimum amount allowed is 10 units

12:46:08.855 [main] WARN  GasProduct - You have not enough stock to sell this gas product, your stock is: 10 units the minimum amount allowed is 10 units

12:46:08.855 [main] WARN  GasProduct - You can't sell that amount of this gas product, you need to have at least: 
10 units in your stock.

12:46:08.903 [main] ERROR Employee - exceptions.LongEmployeeNameException: The name is too long, pleas make it less than 20 characters.
12:46:08.904 [main] ERROR Employee - exceptions.NumberInNamesException: The employee name has a number, please correct it.
12:46:08.904 [main] ERROR Employee - exceptions.EmailException: Please only use a @gmail.com email.
12:46:08.907 [main] ERROR Employee - exceptions.PhoneNumberException: The phone number has 9 digits and should be 8 digits
12:46:08.910 [main] ERROR Employee - exceptions.EmployeeSpecialityException: The specialitycleaner doesn't exist, please enter a valid one: seller or deposit.
12:46:21.704 [main] WARN  GasProduct - You have not enough stock to sell this gas product, your stock is: 10 units the minimum amount allowed is 10 units

12:46:21.714 [main] WARN  GasProduct - You have not enough stock to sell this gas product, your stock is: 10 units the minimum amount allowed is 10 units

12:46:21.714 [main] WARN  GasProduct - You can't sell that amount of this gas product, you need to have at least: 
10 units in your stock.

12:46:21.741 [main] ERROR Employee - exceptions.LongEmployeeNameException: The name is too long, pleas make it less than 20 characters.
12:46:21.741 [main] ERROR Employee - exceptions.NumberInNamesException: The employee name has a number, please correct it.
12:46:21.741 [main] ERROR Employee - exceptions.EmailException: Please only use a @gmail.com email.
12:46:21.742 [main] ERROR Employee - exceptions.PhoneNumberException: The phone number has 9 digits and should be 8 digits
12:46:21.743 [main] ERROR Employee - exceptions.EmployeeSpecialityException: The specialitycleaner doesn't exist, please enter a valid one: seller or deposit.
13:51:26.770 [main] WARN  GasProduct - You have not enough stock to sell this gas product, your stock is: 10 units the minimum amount allowed is 10 units

13:51:26.785 [main] WARN  GasProduct - You have not enough stock to sell this gas product, your stock is: 10 units the minimum amount allowed is 10 units

13:51:26.785 [main] WARN  GasProduct - You can't sell that amount of this gas product, you need to have at least: 
10 units in your stock.

13:51:26.807 [main] ERROR Employee - exceptions.LongEmployeeNameException: The name is too long, pleas make it less than 20 characters.
13:51:26.808 [main] ERROR Employee - exceptions.NumberInNamesException: The employee name has a number, please correct it.
13:51:26.808 [main] ERROR Employee - exceptions.EmailException: Please only use a @gmail.com email.
13:51:26.809 [main] ERROR Employee - exceptions.PhoneNumberException: The phone number has 9 digits and should be 8 digits
13:51:26.810 [main] ERROR Employee - exceptions.EmployeeSpecialityException: The specialitycleaner doesn't exist, please enter a valid one: seller or deposit.
13:53:46.952 [main] WARN  GasProduct - You have not enough stock to sell this gas product, your stock is: 10 units the minimum amount allowed is 10 units

13:53:46.962 [main] WARN  GasProduct - You have not enough stock to sell this gas product, your stock is: 10 units the minimum amount allowed is 10 units

13:53:46.962 [main] WARN  GasProduct - You can't sell that amount of this gas product, you need to have at least: 
10 units in your stock.

13:53:46.990 [main] ERROR Employee - exceptions.LongEmployeeNameException: The name is too long, pleas make it less than 20 characters.
13:53:46.990 [main] ERROR Employee - exceptions.NumberInNamesException: The employee name has a number, please correct it.
13:53:46.990 [main] ERROR Employee - exceptions.EmailException: Please only use a @gmail.com email.
13:53:46.991 [main] ERROR Employee - exceptions.PhoneNumberException: The phone number has 9 digits and should be 8 digits
13:53:46.993 [main] ERROR Employee - exceptions.EmployeeSpecialityException: The specialitycleaner doesn't exist, please enter a valid one: seller or deposit.
15:02:48.014 [main] WARN  GasProduct - You have not enough stock to sell this gas product, your stock is: 10 units the minimum amount allowed is 10 units

15:02:48.028 [main] WARN  GasProduct - You have not enough stock to sell this gas product, your stock is: 10 units the minimum amount allowed is 10 units

15:02:48.029 [main] WARN  GasProduct - You can't sell that amount of this gas product, you need to have at least: 
10 units in your stock.

15:02:48.088 [main] ERROR Employee - exceptions.LongEmployeeNameException: The name is too long, pleas make it less than 20 characters.
15:02:48.088 [main] ERROR Employee - exceptions.NumberInNamesException: The employee name has a number, please correct it.
15:02:48.089 [main] ERROR Employee - exceptions.EmailException: Please only use a @gmail.com email.
15:02:48.090 [main] ERROR Employee - exceptions.PhoneNumberException: The phone number has 9 digits and should be 8 digits
15:02:48.092 [main] ERROR Employee - exceptions.EmployeeSpecialityException: The specialitycleaner doesn't exist, please enter a valid one: seller or deposit.
15:04:25.299 [main] WARN  GasProduct - You have not enough stock to sell this gas product, your stock is: 10 units the minimum amount allowed is 10 units

15:04:25.310 [main] WARN  GasProduct - You have not enough stock to sell this gas product, your stock is: 10 units the minimum amount allowed is 10 units

15:04:25.310 [main] WARN  GasProduct - You can't sell that amount of this gas product, you need to have at least: 
10 units in your stock.

15:04:25.339 [main] ERROR Employee - exceptions.LongEmployeeNameException: The name is too long, pleas make it less than 20 characters.
15:04:25.340 [main] ERROR Employee - exceptions.NumberInNamesException: The employee name has a number, please correct it.
15:04:25.340 [main] ERROR Employee - exceptions.EmailException: Please only use a @gmail.com email.
15:04:25.341 [main] ERROR Employee - exceptions.PhoneNumberException: The phone number has 9 digits and should be 8 digits
15:04:25.341 [main] ERROR Employee - exceptions.EmployeeSpecialityException: The specialitycleaner doesn't exist, please enter a valid one: seller or deposit.
15:04:44.022 [main] WARN  GasProduct - You have not enough stock to sell this gas product, your stock is: 10 units the minimum amount allowed is 10 units

15:04:44.032 [main] WARN  GasProduct - You have not enough stock to sell this gas product, your stock is: 10 units the minimum amount allowed is 10 units

15:04:44.033 [main] WARN  GasProduct - You can't sell that amount of this gas product, you need to have at least: 
10 units in your stock.

15:04:44.063 [main] ERROR Employee - exceptions.LongEmployeeNameException: The name is too long, pleas make it less than 20 characters.
15:04:44.064 [main] ERROR Employee - exceptions.NumberInNamesException: The employee name has a number, please correct it.
15:04:44.064 [main] ERROR Employee - exceptions.EmailException: Please only use a @gmail.com email.
15:04:44.065 [main] ERROR Employee - exceptions.PhoneNumberException: The phone number has 9 digits and should be 8 digits
15:04:44.065 [main] ERROR Employee - exceptions.EmployeeSpecialityException: The specialitycleaner doesn't exist, please enter a valid one: seller or deposit.
15:05:43.179 [main] WARN  GasProduct - You have not enough stock to sell this gas product, your stock is: 10 units the minimum amount allowed is 10 units

15:05:43.190 [main] WARN  GasProduct - You have not enough stock to sell this gas product, your stock is: 10 units the minimum amount allowed is 10 units

15:05:43.190 [main] WARN  GasProduct - You can't sell that amount of this gas product, you need to have at least: 
10 units in your stock.

15:05:43.231 [main] ERROR Employee - exceptions.LongEmployeeNameException: The name is too long, pleas make it less than 20 characters.
15:05:43.231 [main] ERROR Employee - exceptions.NumberInNamesException: The employee name has a number, please correct it.
15:05:43.232 [main] ERROR Employee - exceptions.EmailException: Please only use a @gmail.com email.
15:05:43.233 [main] ERROR Employee - exceptions.PhoneNumberException: The phone number has 9 digits and should be 8 digits
15:05:43.233 [main] ERROR Employee - exceptions.EmployeeSpecialityException: The specialitycleaner doesn't exist, please enter a valid one: seller or deposit.
15:06:04.613 [main] WARN  GasProduct - You have not enough stock to sell this gas product, your stock is: 10 units the minimum amount allowed is 10 units

15:06:04.623 [main] WARN  GasProduct - You have not enough stock to sell this gas product, your stock is: 10 units the minimum amount allowed is 10 units

15:06:04.623 [main] WARN  GasProduct - You can't sell that amount of this gas product, you need to have at least: 
10 units in your stock.

15:06:04.666 [main] ERROR Employee - exceptions.LongEmployeeNameException: The name is too long, pleas make it less than 20 characters.
15:06:04.667 [main] ERROR Employee - exceptions.NumberInNamesException: The employee name has a number, please correct it.
15:06:04.668 [main] ERROR Employee - exceptions.EmailException: Please only use a @gmail.com email.
15:06:04.669 [main] ERROR Employee - exceptions.PhoneNumberException: The phone number has 9 digits and should be 8 digits
15:06:04.670 [main] ERROR Employee - exceptions.EmployeeSpecialityException: The specialitycleaner doesn't exist, please enter a valid one: seller or deposit.
15:06:28.805 [main] WARN  GasProduct - You have not enough stock to sell this gas product, your stock is: 10 units the minimum amount allowed is 10 units

15:06:28.815 [main] WARN  GasProduct - You have not enough stock to sell this gas product, your stock is: 10 units the minimum amount allowed is 10 units

15:06:28.815 [main] WARN  GasProduct - You can't sell that amount of this gas product, you need to have at least: 
10 units in your stock.

15:06:28.845 [main] ERROR Employee - exceptions.LongEmployeeNameException: The name is too long, pleas make it less than 20 characters.
15:06:28.845 [main] ERROR Employee - exceptions.NumberInNamesException: The employee name has a number, please correct it.
15:06:28.846 [main] ERROR Employee - exceptions.EmailException: Please only use a @gmail.com email.
15:06:28.846 [main] ERROR Employee - exceptions.PhoneNumberException: The phone number has 9 digits and should be 8 digits
15:06:28.847 [main] ERROR Employee - exceptions.EmployeeSpecialityException: The specialitycleaner doesn't exist, please enter a valid one: seller or deposit.
15:08:08.687 [main] WARN  GasProduct - You have not enough stock to sell this gas product, your stock is: 10 units the minimum amount allowed is 10 units

15:08:08.697 [main] WARN  GasProduct - You have not enough stock to sell this gas product, your stock is: 10 units the minimum amount allowed is 10 units

15:08:08.697 [main] WARN  GasProduct - You can't sell that amount of this gas product, you need to have at least: 
10 units in your stock.

15:08:08.725 [main] ERROR Employee - exceptions.LongEmployeeNameException: The name is too long, pleas make it less than 20 characters.
15:08:08.725 [main] ERROR Employee - exceptions.NumberInNamesException: The employee name has a number, please correct it.
15:08:08.725 [main] ERROR Employee - exceptions.EmailException: Please only use a @gmail.com email.
15:08:08.726 [main] ERROR Employee - exceptions.PhoneNumberException: The phone number has 9 digits and should be 8 digits
15:08:08.727 [main] ERROR Employee - exceptions.EmployeeSpecialityException: The specialitycleaner doesn't exist, please enter a valid one: seller or deposit.
15:09:30.136 [main] WARN  GasProduct - You have not enough stock to sell this gas product, your stock is: 10 units the minimum amount allowed is 10 units

15:09:30.149 [main] WARN  GasProduct - You have not enough stock to sell this gas product, your stock is: 10 units the minimum amount allowed is 10 units

15:09:30.150 [main] WARN  GasProduct - You can't sell that amount of this gas product, you need to have at least: 
10 units in your stock.

15:09:30.188 [main] ERROR Employee - exceptions.LongEmployeeNameException: The name is too long, pleas make it less than 20 characters.
15:09:30.188 [main] ERROR Employee - exceptions.NumberInNamesException: The employee name has a number, please correct it.
15:09:30.189 [main] ERROR Employee - exceptions.EmailException: Please only use a @gmail.com email.
15:09:30.189 [main] ERROR Employee - exceptions.PhoneNumberException: The phone number has 9 digits and should be 8 digits
15:09:30.190 [main] ERROR Employee - exceptions.EmployeeSpecialityException: The specialitycleaner doesn't exist, please enter a valid one: seller or deposit.
15:25:30.049 [main] WARN  GasProduct - You have not enough stock to sell this gas product, your stock is: 10 units the minimum amount allowed is 10 units

15:25:30.064 [main] WARN  GasProduct - You have not enough stock to sell this gas product, your stock is: 10 units the minimum amount allowed is 10 units

15:25:30.065 [main] WARN  GasProduct - You can't sell that amount of this gas product, you need to have at least: 
10 units in your stock.

15:25:30.121 [main] ERROR Employee - exceptions.LongEmployeeNameException: The name is too long, pleas make it less than 20 characters.
15:25:30.121 [main] ERROR Employee - exceptions.NumberInNamesException: The employee name has a number, please correct it.
15:25:30.122 [main] ERROR Employee - exceptions.EmailException: Please only use a @gmail.com email.
15:25:30.123 [main] ERROR Employee - exceptions.PhoneNumberException: The phone number has 9 digits and should be 8 digits
15:25:30.127 [main] ERROR Employee - exceptions.EmployeeSpecialityException: The specialitycleaner doesn't exist, please enter a valid one: seller or deposit.
